Checking whether C++ compiler has '__int64' failed to compile with the following output:
Change Dir: /hw2/testing_utils/kwsys/CMakeFiles/CMakeTmp

Run Build Command(s):/usr/bin/gmake -f Makefile cmTC_df9e7/fast && /usr/bin/gmake  -f CMakeFiles/cmTC_df9e7.dir/build.make CMakeFiles/cmTC_df9e7.dir/build
gmake[1]: Entering directory '/hw2/testing_utils/kwsys/CMakeFiles/CMakeTmp'
Building CXX object CMakeFiles/cmTC_df9e7.dir/kwsysPlatformTestsCXX.cxx.o
/usr/bin/c++ -DTEST_KWSYS_CXX_HAS___INT64  -Wall  -o CMakeFiles/cmTC_df9e7.dir/kwsysPlatformTestsCXX.cxx.o -c /hw2/testing_utils/kwsys/kwsysPlatformTestsCXX.cxx
/hw2/testing_utils/kwsys/kwsysPlatformTestsCXX.cxx:24:1: error: '__int64' does not name a type
   24 | __int64 f(__int64 n)
      | ^~~~~~~
/hw2/testing_utils/kwsys/kwsysPlatformTestsCXX.cxx: In function 'int main()':
/hw2/testing_utils/kwsys/kwsysPlatformTestsCXX.cxx:30:3: error: '__int64' was not declared in this scope
   30 |   __int64 n = 0;
      |   ^~~~~~~
/hw2/testing_utils/kwsys/kwsysPlatformTestsCXX.cxx:31:29: error: 'n' was not declared in this scope
   31 |   return static_cast<int>(f(n));
      |                             ^
/hw2/testing_utils/kwsys/kwsysPlatformTestsCXX.cxx:31:27: error: 'f' was not declared in this scope
   31 |   return static_cast<int>(f(n));
      |                           ^
gmake[1]: *** [CMakeFiles/cmTC_df9e7.dir/build.make:78: CMakeFiles/cmTC_df9e7.dir/kwsysPlatformTestsCXX.cxx.o] Error 1
gmake[1]: Leaving directory '/hw2/testing_utils/kwsys/CMakeFiles/CMakeTmp'
gmake: *** [Makefile:127: cmTC_df9e7/fast] Error 2



Checking whether CXX compiler has environ in stdlib.h failed to compile with the following output:
Change Dir: /hw2/testing_utils/kwsys/CMakeFiles/CMakeTmp

Run Build Command(s):/usr/bin/gmake -f Makefile cmTC_32ff7/fast && /usr/bin/gmake  -f CMakeFiles/cmTC_32ff7.dir/build.make CMakeFiles/cmTC_32ff7.dir/build
gmake[1]: Entering directory '/hw2/testing_utils/kwsys/CMakeFiles/CMakeTmp'
Building CXX object CMakeFiles/cmTC_32ff7.dir/kwsysPlatformTestsCXX.cxx.o
/usr/bin/c++ -DTEST_KWSYS_CXX_HAS_ENVIRON_IN_STDLIB_H  -Wall  -o CMakeFiles/cmTC_32ff7.dir/kwsysPlatformTestsCXX.cxx.o -c /hw2/testing_utils/kwsys/kwsysPlatformTestsCXX.cxx
/hw2/testing_utils/kwsys/kwsysPlatformTestsCXX.cxx: In function 'int main()':
/hw2/testing_utils/kwsys/kwsysPlatformTestsCXX.cxx:196:13: error: 'environ' was not declared in this scope; did you mean 'union'?
  196 |   char* e = environ[0];
      |             ^~~~~~~
      |             union
gmake[1]: *** [CMakeFiles/cmTC_32ff7.dir/build.make:78: CMakeFiles/cmTC_32ff7.dir/kwsysPlatformTestsCXX.cxx.o] Error 1
gmake[1]: Leaving directory '/hw2/testing_utils/kwsys/CMakeFiles/CMakeTmp'
gmake: *** [Makefile:127: cmTC_32ff7/fast] Error 2



Checking whether CXX compiler struct stat has st_mtimespec member failed to compile with the following output:
Change Dir: /hw2/testing_utils/kwsys/CMakeFiles/CMakeTmp

Run Build Command(s):/usr/bin/gmake -f Makefile cmTC_75940/fast && /usr/bin/gmake  -f CMakeFiles/cmTC_75940.dir/build.make CMakeFiles/cmTC_75940.dir/build
gmake[1]: Entering directory '/hw2/testing_utils/kwsys/CMakeFiles/CMakeTmp'
Building CXX object CMakeFiles/cmTC_75940.dir/kwsysPlatformTestsCXX.cxx.o
/usr/bin/c++ -DTEST_KWSYS_CXX_STAT_HAS_ST_MTIMESPEC  -Wall  -o CMakeFiles/cmTC_75940.dir/kwsysPlatformTestsCXX.cxx.o -c /hw2/testing_utils/kwsys/kwsysPlatformTestsCXX.cxx
/hw2/testing_utils/kwsys/kwsysPlatformTestsCXX.cxx: In function 'int main()':
/hw2/testing_utils/kwsys/kwsysPlatformTestsCXX.cxx:57:15: error: 'struct stat' has no member named 'st_mtimespec'
   57 |   (void)stat1.st_mtimespec.tv_sec;
      |               ^~~~~~~~~~~~
/hw2/testing_utils/kwsys/kwsysPlatformTestsCXX.cxx:58:15: error: 'struct stat' has no member named 'st_mtimespec'
   58 |   (void)stat1.st_mtimespec.tv_nsec;
      |               ^~~~~~~~~~~~
gmake[1]: *** [CMakeFiles/cmTC_75940.dir/build.make:78: CMakeFiles/cmTC_75940.dir/kwsysPlatformTestsCXX.cxx.o] Error 1
gmake[1]: Leaving directory '/hw2/testing_utils/kwsys/CMakeFiles/CMakeTmp'
gmake: *** [Makefile:127: cmTC_75940/fast] Error 2



Determining if the C compiler works failed with the following output:
Change Dir: /hw2/CMakeFiles/CMakeTmp

Run Build Command(s):/usr/bin/gmake cmTC_304c8/fast && No such file or directory
Generator: execution of make failed. Make command was: /usr/bin/gmake cmTC_304c8/fast && 


Determining if the C compiler works failed with the following output:
Change Dir: /hw2/CMakeFiles/CMakeTmp

Run Build Command(s):/usr/bin/gmake cmTC_0c44f/fast && No such file or directory
Generator: execution of make failed. Make command was: /usr/bin/gmake cmTC_0c44f/fast && 


Determining if the C compiler works failed with the following output:
Change Dir: /hw2/CMakeFiles/CMakeTmp

Run Build Command(s):/usr/bin/gmake cmTC_6f8ab/fast && No such file or directory
Generator: execution of make failed. Make command was: /usr/bin/gmake cmTC_6f8ab/fast && 


